
11월 15, 2016 12:45:19.02 NEW SESSION
11월 15, 2016 12:45:19.04 [192:4744:1115/124518:ERROR:connection_factory_impl.cc(367)] Failed to connect to MCS endpoint with error -118
11월 15, 2016 12:46:05.11 [2632:3600:1115/124605:ERROR:connection_factory_impl.cc(367)] Failed to connect to MCS endpoint with error -118
11월 15, 2016 12:50:39.73 [6044:4148:1115/125039:ERROR:connection_factory_impl.cc(367)] Failed to connect to MCS endpoint with error -118
11월 15, 2016 12:59:35.41 [4852:4480:1115/125935:ERROR:connection_factory_impl.cc(367)] Failed to connect to MCS endpoint with error -118
11월 15, 2016 13:03:45.47 [1115/130345:ERROR:main_dll_loader_win.cc(196)] Could not find exported function RelaunchChromeBrowserWithNewCommandLineIfNeeded
11월 15, 2016 13:09:15.51 [5344:4520:1115/130915:ERROR:connection_factory_impl.cc(367)] Failed to connect to MCS endpoint with error -118
11월 15, 2016 13:10:15.71 [5596:1904:1115/131015:ERROR:connection_factory_impl.cc(367)] Failed to connect to MCS endpoint with error -118
11월 15, 2016 13:25:30.84 [1115/132530:ERROR:main_dll_loader_win.cc(196)] Could not find exported function RelaunchChromeBrowserWithNewCommandLineIfNeeded
11월 15, 2016 13:25:30.85 [1115/132530:ERROR:main_dll_loader_win.cc(196)] Could not find exported function RelaunchChromeBrowserWithNewCommandLineIfNeeded
11월 15, 2016 13:34:51.66 [3828:3784:1115/133451:ERROR:connection_factory_impl.cc(367)] Failed to connect to MCS endpoint with error -118
11월 15, 2016 14:52:45.32 [1115/145245:ERROR:main_dll_loader_win.cc(196)] Could not find exported function RelaunchChromeBrowserWithNewCommandLineIfNeeded
11월 15, 2016 14:52:45.32 [1115/145245:ERROR:main_dll_loader_win.cc(196)] Could not find exported function RelaunchChromeBrowserWithNewCommandLineIfNeeded

11월 16, 2016 13:58:06.42 NEW SESSION
11월 16, 2016 13:58:06.42 [2972:3672:1116/135806:ERROR:connection_factory_impl.cc(367)] Failed to connect to MCS endpoint with error -118
11월 16, 2016 14:01:55.78 [1116/140155:ERROR:main_dll_loader_win.cc(196)] Could not find exported function RelaunchChromeBrowserWithNewCommandLineIfNeeded
11월 16, 2016 14:01:55.79 [1116/140155:ERROR:main_dll_loader_win.cc(196)] Could not find exported function RelaunchChromeBrowserWithNewCommandLineIfNeeded
11월 16, 2016 14:06:57.66 [1116/140657:ERROR:main_dll_loader_win.cc(196)] Could not find exported function RelaunchChromeBrowserWithNewCommandLineIfNeeded
11월 16, 2016 14:06:57.68 [1116/140657:ERROR:main_dll_loader_win.cc(196)] Could not find exported function RelaunchChromeBrowserWithNewCommandLineIfNeeded
11월 16, 2016 14:07:17.27 [1116/140717:ERROR:main_dll_loader_win.cc(196)] Could not find exported function RelaunchChromeBrowserWithNewCommandLineIfNeeded
11월 16, 2016 14:09:54.29 [1116/140954:ERROR:main_dll_loader_win.cc(196)] Could not find exported function RelaunchChromeBrowserWithNewCommandLineIfNeeded
11월 16, 2016 14:10:31.70 [1116/141031:ERROR:main_dll_loader_win.cc(196)] Could not find exported function RelaunchChromeBrowserWithNewCommandLineIfNeeded
11월 16, 2016 14:11:15.98 [1116/141115:ERROR:main_dll_loader_win.cc(196)] Could not find exported function RelaunchChromeBrowserWithNewCommandLineIfNeeded
11월 16, 2016 14:11:39.74 [1116/141139:ERROR:main_dll_loader_win.cc(196)] Could not find exported function RelaunchChromeBrowserWithNewCommandLineIfNeeded
11월 16, 2016 14:11:39.76 [1116/141139:ERROR:main_dll_loader_win.cc(196)] Could not find exported function RelaunchChromeBrowserWithNewCommandLineIfNeeded
11월 16, 2016 14:12:02.04 [1116/141202:ERROR:main_dll_loader_win.cc(196)] Could not find exported function RelaunchChromeBrowserWithNewCommandLineIfNeeded
11월 16, 2016 14:12:58.89 [1116/141258:ERROR:main_dll_loader_win.cc(196)] Could not find exported function RelaunchChromeBrowserWithNewCommandLineIfNeeded
11월 16, 2016 14:13:17.98 [1116/141317:ERROR:main_dll_loader_win.cc(196)] Could not find exported function RelaunchChromeBrowserWithNewCommandLineIfNeeded
11월 16, 2016 14:15:06.78 [1116/141506:ERROR:main_dll_loader_win.cc(196)] Could not find exported function RelaunchChromeBrowserWithNewCommandLineIfNeeded
11월 16, 2016 14:15:38.34 [1116/141538:ERROR:main_dll_loader_win.cc(196)] Could not find exported function RelaunchChromeBrowserWithNewCommandLineIfNeeded
11월 16, 2016 14:16:06.00 [200:3696:1116/141606:ERROR:connection_factory_impl.cc(367)] Failed to connect to MCS endpoint with error -118
11월 16, 2016 14:16:30.35 [1116/141630:ERROR:main_dll_loader_win.cc(196)] Could not find exported function RelaunchChromeBrowserWithNewCommandLineIfNeeded
11월 16, 2016 14:16:30.37 [1116/141630:ERROR:main_dll_loader_win.cc(196)] Could not find exported function RelaunchChromeBrowserWithNewCommandLineIfNeeded
11월 16, 2016 14:16:47.39 [1116/141647:ERROR:main_dll_loader_win.cc(196)] Could not find exported function RelaunchChromeBrowserWithNewCommandLineIfNeeded
11월 16, 2016 14:17:28.18 [992:3668:1116/141728:ERROR:connection_factory_impl.cc(367)] Failed to connect to MCS endpoint with error -118
11월 16, 2016 14:44:24.82 [3460:1048:1116/144424:ERROR:connection_factory_impl.cc(367)] Failed to connect to MCS endpoint with error -118
11월 16, 2016 14:46:13.64 [1116/144613:ERROR:main_dll_loader_win.cc(196)] Could not find exported function RelaunchChromeBrowserWithNewCommandLineIfNeeded
11월 16, 2016 16:07:11.20 Vector smash protection is enabled.
11월 16, 2016 16:19:32.86 [1920:2636:1116/161932:ERROR:default_component_installer.cc(255)] Failed to read manifest or verify installation for Signed Tree Heads (C:\Users\student\AppData\Local\Google\Chrome\User Data\CertificateTransparency\212).: 지정된 파일을 찾을 수 없습니다. (0x2)
11월 16, 2016 16:19:38.02 [1116/161938:ERROR:main_dll_loader_win.cc(196)] Could not find exported function RelaunchChromeBrowserWithNewCommandLineIfNeeded
11월 16, 2016 16:20:31.10 [3092:3696:1116/162031:ERROR:connection_factory_impl.cc(367)] Failed to connect to MCS endpoint with error -118
11월 16, 2016 16:22:46.25 [1116/162246:ERROR:main_dll_loader_win.cc(196)] Could not find exported function RelaunchChromeBrowserWithNewCommandLineIfNeeded
11월 16, 2016 16:22:46.27 [1116/162246:ERROR:main_dll_loader_win.cc(196)] Could not find exported function RelaunchChromeBrowserWithNewCommandLineIfNeeded
11월 16, 2016 16:23:32.28 [3368:4024:1116/162332:ERROR:connection_factory_impl.cc(367)] Failed to connect to MCS endpoint with error -118
11월 16, 2016 16:24:46.34 [604:3996:1116/162446:ERROR:connection_factory_impl.cc(367)] Failed to connect to MCS endpoint with error -118
11월 16, 2016 16:26:23.88 [1116/162623:ERROR:main_dll_loader_win.cc(196)] Could not find exported function RelaunchChromeBrowserWithNewCommandLineIfNeeded
11월 16, 2016 16:29:11.38 [1116/162911:ERROR:main_dll_loader_win.cc(196)] Could not find exported function RelaunchChromeBrowserWithNewCommandLineIfNeeded
11월 16, 2016 16:29:11.41 [1116/162911:ERROR:main_dll_loader_win.cc(196)] Could not find exported function RelaunchChromeBrowserWithNewCommandLineIfNeeded
11월 16, 2016 16:29:43.48 [1116/162943:ERROR:main_dll_loader_win.cc(196)] Could not find exported function RelaunchChromeBrowserWithNewCommandLineIfNeeded
11월 16, 2016 16:30:08.73 [1116/163008:ERROR:main_dll_loader_win.cc(196)] Could not find exported function RelaunchChromeBrowserWithNewCommandLineIfNeeded
11월 16, 2016 16:39:14.70 [1116/163914:ERROR:main_dll_loader_win.cc(196)] Could not find exported function RelaunchChromeBrowserWithNewCommandLineIfNeeded
11월 16, 2016 16:39:14.70 [1116/163914:ERROR:main_dll_loader_win.cc(196)] Could not find exported function RelaunchChromeBrowserWithNewCommandLineIfNeeded
11월 16, 2016 16:40:24.22 [2092:904:1116/164024:ERROR:connection_factory_impl.cc(367)] Failed to connect to MCS endpoint with error -118
11월 16, 2016 17:32:30.30 [1116/173230:ERROR:main_dll_loader_win.cc(196)] Could not find exported function RelaunchChromeBrowserWithNewCommandLineIfNeeded
11월 16, 2016 17:32:30.31 [1116/173230:ERROR:main_dll_loader_win.cc(196)] Could not find exported function RelaunchChromeBrowserWithNewCommandLineIfNeeded
11월 16, 2016 17:32:52.33 [1116/173252:ERROR:main_dll_loader_win.cc(196)] Could not find exported function RelaunchChromeBrowserWithNewCommandLineIfNeeded
11월 16, 2016 17:34:39.17 [1116/173439:ERROR:main_dll_loader_win.cc(196)] Could not find exported function RelaunchChromeBrowserWithNewCommandLineIfNeeded
11월 16, 2016 17:57:47.96 [1116/175747:ERROR:main_dll_loader_win.cc(196)] Could not find exported function RelaunchChromeBrowserWithNewCommandLineIfNeeded
11월 16, 2016 17:57:47.96 [1116/175747:ERROR:main_dll_loader_win.cc(196)] Could not find exported function RelaunchChromeBrowserWithNewCommandLineIfNeeded
11월 16, 2016 18:06:37.40 [1116/180637:ERROR:main_dll_loader_win.cc(196)] Could not find exported function RelaunchChromeBrowserWithNewCommandLineIfNeeded
11월 16, 2016 18:06:37.42 [1116/180637:ERROR:main_dll_loader_win.cc(196)] Could not find exported function RelaunchChromeBrowserWithNewCommandLineIfNeeded
11월 16, 2016 18:08:09.59 [1116/180809:ERROR:main_dll_loader_win.cc(196)] Could not find exported function RelaunchChromeBrowserWithNewCommandLineIfNeeded
11월 16, 2016 18:08:09.59 [1116/180809:ERROR:main_dll_loader_win.cc(196)] Could not find exported function RelaunchChromeBrowserWithNewCommandLineIfNeeded
11월 16, 2016 18:19:24.32 [1116/181924:ERROR:main_dll_loader_win.cc(196)] Could not find exported function RelaunchChromeBrowserWithNewCommandLineIfNeeded
11월 16, 2016 18:19:24.33 [1116/181924:ERROR:main_dll_loader_win.cc(196)] Could not find exported function RelaunchChromeBrowserWithNewCommandLineIfNeeded
11월 16, 2016 18:42:24.91 [2936:456:1116/184224:ERROR:connection_factory_impl.cc(367)] Failed to connect to MCS endpoint with error -118
11월 16, 2016 18:43:53.78 [1116/184353:ERROR:main_dll_loader_win.cc(196)] Could not find exported function RelaunchChromeBrowserWithNewCommandLineIfNeeded
11월 16, 2016 18:48:27.46 [1116/184827:ERROR:main_dll_loader_win.cc(196)] Could not find exported function RelaunchChromeBrowserWithNewCommandLineIfNeeded
11월 16, 2016 18:48:27.46 [1116/184827:ERROR:main_dll_loader_win.cc(196)] Could not find exported function RelaunchChromeBrowserWithNewCommandLineIfNeeded
11월 16, 2016 18:52:43.17 [1116/185243:ERROR:main_dll_loader_win.cc(196)] Could not find exported function RelaunchChromeBrowserWithNewCommandLineIfNeeded
11월 16, 2016 18:52:43.17 [1116/185243:ERROR:main_dll_loader_win.cc(196)] Could not find exported function RelaunchChromeBrowserWithNewCommandLineIfNeeded
11월 16, 2016 18:55:29.54 [1116/185529:ERROR:main_dll_loader_win.cc(196)] Could not find exported function RelaunchChromeBrowserWithNewCommandLineIfNeeded

11월 17, 2016 09:35:52.36 NEW SESSION
11월 17, 2016 09:35:52.36 [1117/093552:ERROR:main_dll_loader_win.cc(196)] Could not find exported function RelaunchChromeBrowserWithNewCommandLineIfNeeded
11월 17, 2016 09:35:52.36 [1117/093552:ERROR:main_dll_loader_win.cc(196)] Could not find exported function RelaunchChromeBrowserWithNewCommandLineIfNeeded
11월 17, 2016 09:36:27.96 [1117/093627:ERROR:main_dll_loader_win.cc(196)] Could not find exported function RelaunchChromeBrowserWithNewCommandLineIfNeeded
11월 17, 2016 09:39:30.29 [1117/093930:ERROR:main_dll_loader_win.cc(196)] Could not find exported function RelaunchChromeBrowserWithNewCommandLineIfNeeded
11월 17, 2016 09:39:30.31 [1117/093930:ERROR:main_dll_loader_win.cc(196)] Could not find exported function RelaunchChromeBrowserWithNewCommandLineIfNeeded
11월 17, 2016 09:39:56.21 [1117/093956:ERROR:main_dll_loader_win.cc(196)] Could not find exported function RelaunchChromeBrowserWithNewCommandLineIfNeeded
11월 17, 2016 09:40:53.17 [1117/094053:ERROR:main_dll_loader_win.cc(196)] Could not find exported function RelaunchChromeBrowserWithNewCommandLineIfNeeded
11월 17, 2016 09:41:31.72 [1117/094131:ERROR:main_dll_loader_win.cc(196)] Could not find exported function RelaunchChromeBrowserWithNewCommandLineIfNeeded
11월 17, 2016 09:41:31.73 [1117/094131:ERROR:main_dll_loader_win.cc(196)] Could not find exported function RelaunchChromeBrowserWithNewCommandLineIfNeeded
11월 17, 2016 09:41:40.34 [1117/094140:ERROR:main_dll_loader_win.cc(196)] Could not find exported function RelaunchChromeBrowserWithNewCommandLineIfNeeded
11월 17, 2016 09:44:11.08 [1117/094411:ERROR:main_dll_loader_win.cc(196)] Could not find exported function RelaunchChromeBrowserWithNewCommandLineIfNeeded
11월 17, 2016 09:44:34.40 [1117/094434:ERROR:main_dll_loader_win.cc(196)] Could not find exported function RelaunchChromeBrowserWithNewCommandLineIfNeeded
11월 17, 2016 09:47:11.68 [1117/094711:ERROR:main_dll_loader_win.cc(196)] Could not find exported function RelaunchChromeBrowserWithNewCommandLineIfNeeded
11월 17, 2016 09:47:11.69 [1117/094711:ERROR:main_dll_loader_win.cc(196)] Could not find exported function RelaunchChromeBrowserWithNewCommandLineIfNeeded
11월 17, 2016 10:11:41.85 [1117/101141:ERROR:main_dll_loader_win.cc(196)] Could not find exported function RelaunchChromeBrowserWithNewCommandLineIfNeeded
11월 17, 2016 10:11:41.86 [1117/101141:ERROR:main_dll_loader_win.cc(196)] Could not find exported function RelaunchChromeBrowserWithNewCommandLineIfNeeded
11월 17, 2016 10:12:14.88 [1117/101214:ERROR:main_dll_loader_win.cc(196)] Could not find exported function RelaunchChromeBrowserWithNewCommandLineIfNeeded
11월 17, 2016 10:15:34.17 [1117/101534:ERROR:main_dll_loader_win.cc(196)] Could not find exported function RelaunchChromeBrowserWithNewCommandLineIfNeeded
11월 17, 2016 10:16:00.21 [1944:3496:1117/101600:ERROR:get_updates_processor.cc(244)] PostClientToServerMessage() failed during GetUpdates
11월 17, 2016 10:16:00.23 [1117/101600:ERROR:main_dll_loader_win.cc(196)] Could not find exported function RelaunchChromeBrowserWithNewCommandLineIfNeeded
11월 17, 2016 10:16:08.10 [1117/101608:ERROR:main_dll_loader_win.cc(196)] Could not find exported function RelaunchChromeBrowserWithNewCommandLineIfNeeded
11월 17, 2016 10:16:19.88 [1117/101619:ERROR:main_dll_loader_win.cc(196)] Could not find exported function RelaunchChromeBrowserWithNewCommandLineIfNeeded
11월 17, 2016 10:16:47.17 [1117/101647:ERROR:main_dll_loader_win.cc(196)] Could not find exported function RelaunchChromeBrowserWithNewCommandLineIfNeeded
11월 17, 2016 10:16:47.19 [1117/101647:ERROR:main_dll_loader_win.cc(196)] Could not find exported function RelaunchChromeBrowserWithNewCommandLineIfNeeded
11월 17, 2016 10:17:31.92 [1117/101731:ERROR:main_dll_loader_win.cc(196)] Could not find exported function RelaunchChromeBrowserWithNewCommandLineIfNeeded
11월 17, 2016 10:19:18.10 [1117/101918:ERROR:main_dll_loader_win.cc(196)] Could not find exported function RelaunchChromeBrowserWithNewCommandLineIfNeeded
11월 17, 2016 10:19:37.42 [1117/101937:ERROR:main_dll_loader_win.cc(196)] Could not find exported function RelaunchChromeBrowserWithNewCommandLineIfNeeded
11월 17, 2016 10:19:56.45 [1117/101956:ERROR:main_dll_loader_win.cc(196)] Could not find exported function RelaunchChromeBrowserWithNewCommandLineIfNeeded
11월 17, 2016 10:20:15.76 [1117/102015:ERROR:main_dll_loader_win.cc(196)] Could not find exported function RelaunchChromeBrowserWithNewCommandLineIfNeeded
11월 17, 2016 10:20:33.00 [1117/102033:ERROR:main_dll_loader_win.cc(196)] Could not find exported function RelaunchChromeBrowserWithNewCommandLineIfNeeded
11월 17, 2016 10:20:43.97 [1117/102043:ERROR:main_dll_loader_win.cc(196)] Could not find exported function RelaunchChromeBrowserWithNewCommandLineIfNeeded
11월 17, 2016 10:20:55.55 [1117/102055:ERROR:main_dll_loader_win.cc(196)] Could not find exported function RelaunchChromeBrowserWithNewCommandLineIfNeeded
11월 17, 2016 10:26:39.78 [1117/102639:ERROR:main_dll_loader_win.cc(196)] Could not find exported function RelaunchChromeBrowserWithNewCommandLineIfNeeded
11월 17, 2016 10:26:39.80 [1117/102639:ERROR:main_dll_loader_win.cc(196)] Could not find exported function RelaunchChromeBrowserWithNewCommandLineIfNeeded
11월 17, 2016 10:27:16.07 [1117/102716:ERROR:main_dll_loader_win.cc(196)] Could not find exported function RelaunchChromeBrowserWithNewCommandLineIfNeeded
11월 17, 2016 10:27:40.64 [1117/102740:ERROR:main_dll_loader_win.cc(196)] Could not find exported function RelaunchChromeBrowserWithNewCommandLineIfNeeded
11월 17, 2016 10:28:19.27 [1117/102819:ERROR:main_dll_loader_win.cc(196)] Could not find exported function RelaunchChromeBrowserWithNewCommandLineIfNeeded
11월 17, 2016 10:29:34.79 [1117/102934:ERROR:main_dll_loader_win.cc(196)] Could not find exported function RelaunchChromeBrowserWithNewCommandLineIfNeeded
11월 17, 2016 10:33:50.63 [1117/103350:ERROR:main_dll_loader_win.cc(196)] Could not find exported function RelaunchChromeBrowserWithNewCommandLineIfNeeded
11월 17, 2016 10:33:50.65 [1117/103350:ERROR:main_dll_loader_win.cc(196)] Could not find exported function RelaunchChromeBrowserWithNewCommandLineIfNeeded
11월 17, 2016 10:35:19.49 [1117/103519:ERROR:main_dll_loader_win.cc(196)] Could not find exported function RelaunchChromeBrowserWithNewCommandLineIfNeeded
11월 17, 2016 10:35:31.60 [1117/103531:ERROR:main_dll_loader_win.cc(196)] Could not find exported function RelaunchChromeBrowserWithNewCommandLineIfNeeded
11월 17, 2016 10:50:23.77 [1117/105023:ERROR:main_dll_loader_win.cc(196)] Could not find exported function RelaunchChromeBrowserWithNewCommandLineIfNeeded
11월 17, 2016 10:50:23.78 [1117/105023:ERROR:main_dll_loader_win.cc(196)] Could not find exported function RelaunchChromeBrowserWithNewCommandLineIfNeeded
11월 17, 2016 10:52:46.69 [1117/105246:ERROR:main_dll_loader_win.cc(196)] Could not find exported function RelaunchChromeBrowserWithNewCommandLineIfNeeded
11월 17, 2016 10:52:46.69 [1117/105246:ERROR:main_dll_loader_win.cc(196)] Could not find exported function RelaunchChromeBrowserWithNewCommandLineIfNeeded
11월 17, 2016 10:53:45.80 [2456:3112:1117/105345:ERROR:connection_factory_impl.cc(367)] Failed to connect to MCS endpoint with error -118
11월 17, 2016 10:56:04.56 [1117/105604:ERROR:main_dll_loader_win.cc(196)] Could not find exported function RelaunchChromeBrowserWithNewCommandLineIfNeeded
11월 17, 2016 11:10:42.70 [2784:308:1117/111042:ERROR:get_updates_processor.cc(244)] PostClientToServerMessage() failed during GetUpdates
11월 17, 2016 11:10:42.72 [1117/111042:ERROR:main_dll_loader_win.cc(196)] Could not find exported function RelaunchChromeBrowserWithNewCommandLineIfNeeded
11월 17, 2016 11:18:05.43 [1117/111805:ERROR:main_dll_loader_win.cc(196)] Could not find exported function RelaunchChromeBrowserWithNewCommandLineIfNeeded
11월 17, 2016 11:18:05.44 [1117/111805:ERROR:main_dll_loader_win.cc(196)] Could not find exported function RelaunchChromeBrowserWithNewCommandLineIfNeeded
11월 17, 2016 11:22:15.95 [1117/112215:ERROR:main_dll_loader_win.cc(196)] Could not find exported function RelaunchChromeBrowserWithNewCommandLineIfNeeded
11월 17, 2016 11:22:15.95 [1117/112215:ERROR:main_dll_loader_win.cc(196)] Could not find exported function RelaunchChromeBrowserWithNewCommandLineIfNeeded
11월 17, 2016 11:29:34.48 [3964:3576:1117/112934:ERROR:connection_factory_impl.cc(367)] Failed to connect to MCS endpoint with error -118
11월 17, 2016 11:32:24.32 [1117/113224:ERROR:main_dll_loader_win.cc(196)] Could not find exported function RelaunchChromeBrowserWithNewCommandLineIfNeeded
11월 17, 2016 13:17:09.32 Vector smash protection is enabled.
11월 17, 2016 14:13:44.60 [1117/141344:ERROR:main_dll_loader_win.cc(196)] Could not find exported function RelaunchChromeBrowserWithNewCommandLineIfNeeded
11월 17, 2016 14:15:52.97 [1117/141552:ERROR:main_dll_loader_win.cc(196)] Could not find exported function RelaunchChromeBrowserWithNewCommandLineIfNeeded
11월 17, 2016 14:22:32.15 [1916:3008:1117/142232:ERROR:connection_factory_impl.cc(367)] Failed to connect to MCS endpoint with error -118
11월 17, 2016 14:27:56.74 [3244:2456:1117/142756:ERROR:connection_factory_impl.cc(367)] Failed to connect to MCS endpoint with error -118
11월 17, 2016 14:41:48.88 [912:2016:1117/144148:ERROR:connection_factory_impl.cc(367)] Failed to connect to MCS endpoint with error -118
11월 17, 2016 14:42:57.27 A Parser-blocking, cross-origin script, http://www.googletagservices.com/tag/js/gpt.js, is invoked via document.write. This may be blocked by the browser if the device has poor network connectivity.
11월 17, 2016 14:42:57.27 A Parser-blocking, cross-origin script, http://www.googletagservices.com/tag/js/gpt.js, is invoked via document.write. This may be blocked by the browser if the device has poor network connectivity.
11월 17, 2016 14:42:57.27 A Parser-blocking, cross-origin script, http://partner.googleadservices.com/gpt/pubads_impl_105.js, is invoked via document.write. This may be blocked by the browser if the device has poor network connectivity.
11월 17, 2016 14:42:57.27 A Parser-blocking, cross-origin script, http://partner.googleadservices.com/gpt/pubads_impl_105.js, is invoked via document.write. This may be blocked by the browser if the device has poor network connectivity.
11월 17, 2016 14:42:57.27 A Parser-blocking, cross-origin script, http://www.googletagservices.com/tag/js/gpt.js, is invoked via document.write. This may be blocked by the browser if the device has poor network connectivity.
11월 17, 2016 14:42:57.27 A Parser-blocking, cross-origin script, http://www.googletagservices.com/tag/js/gpt.js, is invoked via document.write. This may be blocked by the browser if the device has poor network connectivity.
11월 17, 2016 14:42:57.27 A Parser-blocking, cross-origin script, https://securepubads.g.doubleclick.net/gampad/ads?gdfp_req=1&correlator=3466253474591233&output=json_html&callback=googletag.impl.pubads.setAdContentsBySlotForSync&impl=ss&json_a=1&eid=108809080%2C108809132%2C108809160%2C21060012&sc=0&sfv=1-0-5&iu_parts=7450%2CMK_Website%2Cmk_news%2Csociety&enc_prev_ius=%2F0%2F1%2F2%2F3%2C%2F0%2F1%2F2%2F3%2C%2F0%2F1%2F2%2F3%2C%2F0%2F1%2F2%2F3%2C%2F0%2F1%2F2%2F3%2C%2F0%2F1%2F2%2F3%2C%2F0%2F1%2F2%2F3%2C%2F0%2F1%2F2%2F3%2C%2F0%2F1%2F2%2F3%2C%2F0%2F1%2F2%2F3%2C%2F0%2F1%2F2%2F3%2C%2F0%2F1%2F2%2F3&prev_iu_szs=728x90%7C970x90%2C250x250%2C110x110%2C468x61%2C1x1%2C300x250%7C300x450%7C300x600%2C300x100%2C301x250%2C302x250%2C970x250%7C980x120%7C930x180%2C300x250%2C300x50&prev_scp=position%3DTC%7Cposition%3DMC%7Cposition%3DMC%7Cposition%3DMC%7Cposition%3DMC%7Cposition%3DMR%7Cposition%3DMR%7Cposition%3DBL%7Cposition%3DBC%7Cposition%3DBC%7Cposition%3DBR%7Cposition%3DBR&cust_params=category_id%3DMK100801%26article_num%3D2016%252F798560%26publish_date%3D2016%252F1116%26journalist%3D%25EC%259D%25B4%25ED%2598%25B8%25EC%258A%25B9%26domain%3Dnnews.mk.co.kr%26referer%3Dnull%26mk_login%3Doff%26login_type%3Dunkown%26keywords%3D%25EC%25A0%2595%25EC%259C%25A0%25EB%259D%25BC%252C%25EC%259D%25B4%25ED%2599%2594%25EC%2597%25AC%25EB%258C%2580%252C%25EC%2584%25A0%25ED%2599%2594%25EC%2598%2588%25EA%25B3%25A0%252C%25EC%25A1%25B0%25ED%259D%25AC%25EC%2597%25B0&cookie=ID%3D848e60d42721daba%3AT%3D1479293476%3AS%3DALNI_MaPM1hCxAdTvvRs2qH9toA1htLcEw&lmt=1479361377&dt=1479361377235&cc=100&frm=20&biw=1280&bih=918&oid=3&adxs=0%2C-9%2C-9%2C-9%2C-9%2C-9%2C-9%2C-9%2C-9%2C-9%2C-9%2C-9&adys=100%2C-9%2C-9%2C-9%2C-9%2C-9%2C-9%2C-9%2C-9%2C-9%2C-9%2C-9&adks=2852599251%2C4050849441%2C3081925112%2C1373295101%2C932824125%2C3335229126%2C2548809991%2C1409157356%2C1685436837%2C3271297075%2C2856181053%2C226946738&gut=v2&ifi=1&u_tz=540&u_his=2&u_h=1024&u_w=1280&u_ah=984&u_aw=1280&u_cd=24&u_nplug=5&u_nmime=7&u_sd=1&flash=23.0.0&url=http%3A%2F%2Fnnews.mk.co.kr%2FnewsRead.php%3Fyear%3D2016%26no%3D798560%26sc%3D30000001%26sID%3D504&dssz=16&icsg=520&std=0&csl=50&vrg=105&vrp=105&ga_vid=1775165571.1479293540&ga_sid=1479361377&ga_hid=1075354708, is invoked via document.write. This may be blocked by the browser if the device has poor network connectivity.
11월 17, 2016 14:43:00.22 Vector smash protection is enabled.
11월 17, 2016 14:44:05.34 A Parser-blocking, cross-origin script, https://securepubads.g.doubleclick.net/gampad/ads?gdfp_req=1&correlator=3466253474591233&output=json_html&callback=googletag.impl.pubads.setAdContentsBySlotForSync&impl=ss&json_a=1&eid=108809080%2C108809132%2C108809160%2C21060012&sc=0&sfv=1-0-5&iu_parts=7450%2CMK_Website%2Cmk_news%2Csociety&enc_prev_ius=%2F0%2F1%2F2%2F3%2C%2F0%2F1%2F2%2F3%2C%2F0%2F1%2F2%2F3%2C%2F0%2F1%2F2%2F3%2C%2F0%2F1%2F2%2F3%2C%2F0%2F1%2F2%2F3%2C%2F0%2F1%2F2%2F3%2C%2F0%2F1%2F2%2F3%2C%2F0%2F1%2F2%2F3%2C%2F0%2F1%2F2%2F3%2C%2F0%2F1%2F2%2F3%2C%2F0%2F1%2F2%2F3&prev_iu_szs=728x90%7C970x90%2C250x250%2C110x110%2C468x61%2C1x1%2C300x250%7C300x450%7C300x600%2C300x100%2C301x250%2C302x250%2C970x250%7C980x120%7C930x180%2C300x250%2C300x50&prev_scp=position%3DTC%7Cposition%3DMC%7Cposition%3DMC%7Cposition%3DMC%7Cposition%3DMC%7Cposition%3DMR%7Cposition%3DMR%7Cposition%3DBL%7Cposition%3DBC%7Cposition%3DBC%7Cposition%3DBR%7Cposition%3DBR&cust_params=category_id%3DMK100801%26article_num%3D2016%252F798560%26publish_date%3D2016%252F1116%26journalist%3D%25EC%259D%25B4%25ED%2598%25B8%25EC%258A%25B9%26domain%3Dnnews.mk.co.kr%26referer%3Dnull%26mk_login%3Doff%26login_type%3Dunkown%26keywords%3D%25EC%25A0%2595%25EC%259C%25A0%25EB%259D%25BC%252C%25EC%259D%25B4%25ED%2599%2594%25EC%2597%25AC%25EB%258C%2580%252C%25EC%2584%25A0%25ED%2599%2594%25EC%2598%2588%25EA%25B3%25A0%252C%25EC%25A1%25B0%25ED%259D%25AC%25EC%2597%25B0&cookie=ID%3D848e60d42721daba%3AT%3D1479293476%3AS%3DALNI_MaPM1hCxAdTvvRs2qH9toA1htLcEw&lmt=1479361377&dt=1479361377235&cc=100&frm=20&biw=1280&bih=918&oid=3&adxs=0%2C-9%2C-9%2C-9%2C-9%2C-9%2C-9%2C-9%2C-9%2C-9%2C-9%2C-9&adys=100%2C-9%2C-9%2C-9%2C-9%2C-9%2C-9%2C-9%2C-9%2C-9%2C-9%2C-9&adks=2852599251%2C4050849441%2C3081925112%2C1373295101%2C932824125%2C3335229126%2C2548809991%2C1409157356%2C1685436837%2C3271297075%2C2856181053%2C226946738&gut=v2&ifi=1&u_tz=540&u_his=2&u_h=1024&u_w=1280&u_ah=984&u_aw=1280&u_cd=24&u_nplug=5&u_nmime=7&u_sd=1&flash=23.0.0&url=http%3A%2F%2Fnnews.mk.co.kr%2FnewsRead.php%3Fyear%3D2016%26no%3D798560%26sc%3D30000001%26sID%3D504&dssz=16&icsg=520&std=0&csl=50&vrg=105&vrp=105&ga_vid=1775165571.1479293540&ga_sid=1479361377&ga_hid=1075354708, is invoked via document.write. This may be blocked by the browser if the device has poor network connectivity.
11월 17, 2016 14:44:05.34 A Parser-blocking, cross-origin script, http://www.googletagservices.com/tag/js/gpt.js, is invoked via document.write. This may be blocked by the browser if the device has poor network connectivity.
11월 17, 2016 14:44:05.34 A Parser-blocking, cross-origin script, http://www.googletagservices.com/tag/js/gpt.js, is invoked via document.write. This may be blocked by the browser if the device has poor network connectivity.
11월 17, 2016 14:44:05.34 A Parser-blocking, cross-origin script, http://partner.googleadservices.com/gpt/pubads_impl_105.js, is invoked via document.write. This may be blocked by the browser if the device has poor network connectivity.
11월 17, 2016 14:44:05.34 A Parser-blocking, cross-origin script, http://partner.googleadservices.com/gpt/pubads_impl_105.js, is invoked via document.write. This may be blocked by the browser if the device has poor network connectivity.
11월 17, 2016 14:44:05.34 A Parser-blocking, cross-origin script, https://securepubads.g.doubleclick.net/gampad/ads?gdfp_req=1&correlator=1318419120987160&output=json_html&callback=googletag.impl.pubads.setAdContentsBySlotForSync&impl=ss&json_a=1&eid=108809080%2C108809132%2C108809159&sc=0&sfv=1-0-5&iu_parts=7450%2CMK_Website%2Cmk_news_menus%2Chome&enc_prev_ius=%2F0%2F1%2F2%2F3%2C%2F0%2F1%2F2%2F3&prev_iu_szs=970x90%2C300x250%7C300x450%7C300x600&prev_scp=position%3DTC%7Cposition%3DMR&cust_params=category_id%3Dnull%26article_num%3Dnull%26publish_date%3Dnull%26domain%3Dnews.mk.co.kr%26referer%3Dnnews.mk.co.kr%26mk_login%3Doff%26login_type%3Dunkown%26keywords%3Dnull&cookie=ID%3D848e60d42721daba%3AT%3D1479293476%3AS%3DALNI_MaPM1hCxAdTvvRs2qH9toA1htLcEw&lmt=1479361445&dt=1479361445315&cc=13&frm=20&biw=571&bih=918&oid=3&adxs=0%2C-9&adys=115%2C-9&adks=3786238477%2C3183845615&gut=v2&ifi=1&u_tz=540&u_his=3&u_h=1024&u_w=1280&u_ah=984&u_aw=1280&u_cd=24&u_nplug=5&u_nmime=7&u_sd=1&flash=23.0.0&url=http%3A%2F%2Fnews.mk.co.kr%2F&ref=http%3A%2F%2Fnnews.mk.co.kr%2FnewsRead.php%3Fyear%3D2016%26no%3D798560%26sc%3D30000001%26sID%3D504&dssz=16&icsg=8972&std=0&csl=43&vrg=105&vrp=105&ga_vid=1775165571.1479293540&ga_sid=1479361445&ga_hid=1440294143, is invoked via document.write. This may be blocked by the browser if the device has poor network connectivity.
11월 17, 2016 14:44:08.36 A Parser-blocking, cross-origin script, https://securepubads.g.doubleclick.net/gampad/ads?gdfp_req=1&correlator=1318419120987160&output=json_html&callback=googletag.impl.pubads.setAdContentsBySlotForSync&impl=ss&json_a=1&eid=108809080%2C108809132%2C108809159&sc=0&sfv=1-0-5&iu_parts=7450%2CMK_Website%2Cmk_news_menus%2Chome&enc_prev_ius=%2F0%2F1%2F2%2F3%2C%2F0%2F1%2F2%2F3&prev_iu_szs=970x90%2C300x250%7C300x450%7C300x600&prev_scp=position%3DTC%7Cposition%3DMR&cust_params=category_id%3Dnull%26article_num%3Dnull%26publish_date%3Dnull%26domain%3Dnews.mk.co.kr%26referer%3Dnnews.mk.co.kr%26mk_login%3Doff%26login_type%3Dunkown%26keywords%3Dnull&cookie=ID%3D848e60d42721daba%3AT%3D1479293476%3AS%3DALNI_MaPM1hCxAdTvvRs2qH9toA1htLcEw&lmt=1479361445&dt=1479361445315&cc=13&frm=20&biw=571&bih=918&oid=3&adxs=0%2C-9&adys=115%2C-9&adks=3786238477%2C3183845615&gut=v2&ifi=1&u_tz=540&u_his=3&u_h=1024&u_w=1280&u_ah=984&u_aw=1280&u_cd=24&u_nplug=5&u_nmime=7&u_sd=1&flash=23.0.0&url=http%3A%2F%2Fnews.mk.co.kr%2F&ref=http%3A%2F%2Fnnews.mk.co.kr%2FnewsRead.php%3Fyear%3D2016%26no%3D798560%26sc%3D30000001%26sID%3D504&dssz=16&icsg=8972&std=0&csl=43&vrg=105&vrp=105&ga_vid=1775165571.1479293540&ga_sid=1479361445&ga_hid=1440294143, is invoked via document.write. This may be blocked by the browser if the device has poor network connectivity.
11월 17, 2016 14:44:08.36 A Parser-blocking, cross-origin script, http://www.googletagservices.com/tag/js/gpt.js, is invoked via document.write. This may be blocked by the browser if the device has poor network connectivity.
11월 17, 2016 14:44:08.36 A Parser-blocking, cross-origin script, http://www.googletagservices.com/tag/js/gpt.js, is invoked via document.write. This may be blocked by the browser if the device has poor network connectivity.
11월 17, 2016 14:44:08.36 A Parser-blocking, cross-origin script, http://partner.googleadservices.com/gpt/pubads_impl_105.js, is invoked via document.write. This may be blocked by the browser if the device has poor network connectivity.
11월 17, 2016 14:44:08.36 A Parser-blocking, cross-origin script, http://partner.googleadservices.com/gpt/pubads_impl_105.js, is invoked via document.write. This may be blocked by the browser if the device has poor network connectivity.
11월 17, 2016 14:44:08.36 A Parser-blocking, cross-origin script, http://www.googletagservices.com/tag/js/gpt.js, is invoked via document.write. This may be blocked by the browser if the device has poor network connectivity.
11월 17, 2016 14:44:08.36 A Parser-blocking, cross-origin script, http://www.googletagservices.com/tag/js/gpt.js, is invoked via document.write. This may be blocked by the browser if the device has poor network connectivity.
11월 17, 2016 15:12:00.78 A Parser-blocking, cross-origin script, https://securepubads.g.doubleclick.net/gampad/ads?gdfp_req=1&correlator=1456111648128350&output=json_html&callback=googletag.impl.pubads.setAdContentsBySlotForSync&impl=ss&json_a=1&eid=108809080%2C108809132&sc=0&sfv=1-0-5&iu_parts=7450%2CMK_Website%2Cmk_news%2Cpolitics&enc_prev_ius=%2F0%2F1%2F2%2F3%2C%2F0%2F1%2F2%2F3%2C%2F0%2F1%2F2%2F3%2C%2F0%2F1%2F2%2F3%2C%2F0%2F1%2F2%2F3%2C%2F0%2F1%2F2%2F3%2C%2F0%2F1%2F2%2F3%2C%2F0%2F1%2F2%2F3%2C%2F0%2F1%2F2%2F3%2C%2F0%2F1%2F2%2F3%2C%2F0%2F1%2F2%2F3%2C%2F0%2F1%2F2%2F3&prev_iu_szs=728x90%7C970x90%2C250x250%2C110x110%2C468x61%2C1x1%2C300x250%7C300x450%7C300x600%2C300x100%2C301x250%2C302x250%2C970x250%7C980x120%7C930x180%2C300x250%2C300x50&prev_scp=position%3DTC%7Cposition%3DMC%7Cposition%3DMC%7Cposition%3DMC%7Cposition%3DMC%7Cposition%3DMR%7Cposition%3DMR%7Cposition%3DBL%7Cposition%3DBC%7Cposition%3DBC%7Cposition%3DBR%7Cposition%3DBR&cust_params=category_id%3DMK100701%26article_num%3D2016%252F800703%26publish_date%3D2016%252F1117%26journalist%3D%25EC%259D%25B4%25EC%2583%2581%25EA%25B7%259C%26domain%3Dnews.mk.co.kr%26referer%3Dnews.mk.co.kr%26mk_login%3Doff%26login_type%3Dunkown%26keywords%3D%25EC%25A0%2595%25ED%2599%258D%25EC%259B%2590%2520%25EC%25A0%2584%25EC%25B4%259D%25EB%25A6%25AC%252C%25EB%25B0%2595%25EB%258C%2580%25ED%2586%25B5%25EB%25A0%25B9&cookie=ID%3D848e60d42721daba%3AT%3D1479293476%3AS%3DALNI_MaPM1hCxAdTvvRs2qH9toA1htLcEw&lmt=1479361448&dt=1479361448337&cc=100&frm=20&biw=571&bih=918&oid=3&adxs=0%2C-9%2C-9%2C-9%2C-9%2C-9%2C-9%2C-9%2C-9%2C-9%2C-9%2C-9&adys=100%2C-9%2C-9%2C-9%2C-9%2C-9%2C-9%2C-9%2C-9%2C-9%2C-9%2C-9&adks=3727211120%2C3647776370%2C1205229156%2C2593261154%2C2675399300%2C159593475%2C3532499900%2C222014208%2C1726899530%2C1713554630%2C603654631%2C1
11월 17, 2016 15:13:57.28 [3152:608:1117/151357:ERROR:connection_factory_impl.cc(367)] Failed to connect to MCS endpoint with error -118
11월 17, 2016 15:30:47.15 [1117/153047:ERROR:main_dll_loader_win.cc(196)] Could not find exported function RelaunchChromeBrowserWithNewCommandLineIfNeeded
11월 17, 2016 15:30:47.16 [1117/153047:ERROR:main_dll_loader_win.cc(196)] Could not find exported function RelaunchChromeBrowserWithNewCommandLineIfNeeded
11월 17, 2016 15:31:43.43 [2324:3076:1117/153143:ERROR:connection_factory_impl.cc(367)] Failed to connect to MCS endpoint with error -118
11월 17, 2016 15:36:02.18 [3968:2980:1117/153602:ERROR:connection_factory_impl.cc(367)] Failed to connect to MCS endpoint with error -118
11월 17, 2016 15:44:13.72 [3556:4012:1117/154413:ERROR:connection_factory_impl.cc(367)] Failed to connect to MCS endpoint with error -118
11월 17, 2016 15:46:11.40 [1117/154611:ERROR:main_dll_loader_win.cc(196)] Could not find exported function RelaunchChromeBrowserWithNewCommandLineIfNeeded
11월 17, 2016 15:47:24.09 [3824:2000:1117/154724:ERROR:connection_factory_impl.cc(367)] Failed to connect to MCS endpoint with error -118
11월 17, 2016 15:48:41.22 [3796:836:1117/154841:ERROR:connection_factory_impl.cc(367)] Failed to connect to MCS endpoint with error -118

11월 18, 2016 09:38:26.97 NEW SESSION
11월 18, 2016 09:38:26.97 [1118/093826:ERROR:main_dll_loader_win.cc(196)] Could not find exported function RelaunchChromeBrowserWithNewCommandLineIfNeeded
11월 18, 2016 09:42:10.89 [2856:2716:1118/094210:ERROR:connection_factory_impl.cc(367)] Failed to connect to MCS endpoint with error -118
11월 18, 2016 09:47:08.50 [1118/094708:ERROR:main_dll_loader_win.cc(196)] Could not find exported function RelaunchChromeBrowserWithNewCommandLineIfNeeded
11월 18, 2016 09:49:21.66 [3356:3136:1118/094921:ERROR:connection_factory_impl.cc(367)] Failed to connect to MCS endpoint with error -118
11월 18, 2016 09:54:58.81 [1118/095458:ERROR:main_dll_loader_win.cc(196)] Could not find exported function RelaunchChromeBrowserWithNewCommandLineIfNeeded
11월 18, 2016 09:56:36.40 [1118/095636:ERROR:main_dll_loader_win.cc(196)] Could not find exported function RelaunchChromeBrowserWithNewCommandLineIfNeeded
11월 18, 2016 09:56:36.42 [1118/095636:ERROR:main_dll_loader_win.cc(196)] Could not find exported function RelaunchChromeBrowserWithNewCommandLineIfNeeded
11월 18, 2016 09:57:24.05 [1118/095724:ERROR:main_dll_loader_win.cc(196)] Could not find exported function RelaunchChromeBrowserWithNewCommandLineIfNeeded
11월 18, 2016 09:58:18.86 [1118/095818:ERROR:main_dll_loader_win.cc(196)] Could not find exported function RelaunchChromeBrowserWithNewCommandLineIfNeeded
11월 18, 2016 09:58:49.53 [1118/095849:ERROR:main_dll_loader_win.cc(196)] Could not find exported function RelaunchChromeBrowserWithNewCommandLineIfNeeded
11월 18, 2016 09:59:32.59 [1118/095932:ERROR:main_dll_loader_win.cc(196)] Could not find exported function RelaunchChromeBrowserWithNewCommandLineIfNeeded
11월 18, 2016 10:01:48.49 [1118/100148:ERROR:main_dll_loader_win.cc(196)] Could not find exported function RelaunchChromeBrowserWithNewCommandLineIfNeeded
11월 18, 2016 10:01:48.51 [1118/100148:ERROR:main_dll_loader_win.cc(196)] Could not find exported function RelaunchChromeBrowserWithNewCommandLineIfNeeded
11월 18, 2016 10:03:45.08 [1118/100345:ERROR:main_dll_loader_win.cc(196)] Could not find exported function RelaunchChromeBrowserWithNewCommandLineIfNeeded
11월 18, 2016 10:04:32.77 [1118/100432:ERROR:main_dll_loader_win.cc(196)] Could not find exported function RelaunchChromeBrowserWithNewCommandLineIfNeeded
11월 18, 2016 10:05:26.43 [1118/100526:ERROR:main_dll_loader_win.cc(196)] Could not find exported function RelaunchChromeBrowserWithNewCommandLineIfNeeded
11월 18, 2016 10:06:14.60 [4392:2496:1118/100614:ERROR:connection_factory_impl.cc(367)] Failed to connect to MCS endpoint with error -118
11월 18, 2016 10:10:07.86 [1118/101007:ERROR:main_dll_loader_win.cc(196)] Could not find exported function RelaunchChromeBrowserWithNewCommandLineIfNeeded
11월 18, 2016 10:10:18.27 [1118/101018:ERROR:main_dll_loader_win.cc(196)] Could not find exported function RelaunchChromeBrowserWithNewCommandLineIfNeeded
11월 18, 2016 10:10:38.34 [1118/101038:ERROR:main_dll_loader_win.cc(196)] Could not find exported function RelaunchChromeBrowserWithNewCommandLineIfNeeded
11월 18, 2016 10:11:15.19 [1118/101115:ERROR:main_dll_loader_win.cc(196)] Could not find exported function RelaunchChromeBrowserWithNewCommandLineIfNeeded
11월 18, 2016 10:12:17.85 [5040:4304:1118/101217:ERROR:connection_factory_impl.cc(367)] Failed to connect to MCS endpoint with error -118
11월 18, 2016 10:14:39.12 [1118/101439:ERROR:main_dll_loader_win.cc(196)] Could not find exported function RelaunchChromeBrowserWithNewCommandLineIfNeeded
11월 18, 2016 10:15:39.30 [1118/101539:ERROR:main_dll_loader_win.cc(196)] Could not find exported function RelaunchChromeBrowserWithNewCommandLineIfNeeded
11월 18, 2016 10:16:38.60 [1118/101638:ERROR:main_dll_loader_win.cc(196)] Could not find exported function RelaunchChromeBrowserWithNewCommandLineIfNeeded
11월 18, 2016 10:16:38.60 [1118/101638:ERROR:main_dll_loader_win.cc(196)] Could not find exported function RelaunchChromeBrowserWithNewCommandLineIfNeeded
11월 18, 2016 10:16:53.16 [1118/101653:ERROR:main_dll_loader_win.cc(196)] Could not find exported function RelaunchChromeBrowserWithNewCommandLineIfNeeded
11월 18, 2016 10:17:44.51 [4608:3824:1118/101744:ERROR:connection_factory_impl.cc(367)] Failed to connect to MCS endpoint with error -118
11월 18, 2016 10:19:01.79 [1118/101901:ERROR:main_dll_loader_win.cc(196)] Could not find exported function RelaunchChromeBrowserWithNewCommandLineIfNeeded
11월 18, 2016 10:35:16.45 [1118/103516:ERROR:main_dll_loader_win.cc(196)] Could not find exported function RelaunchChromeBrowserWithNewCommandLineIfNeeded
11월 18, 2016 10:35:16.47 [1118/103516:ERROR:main_dll_loader_win.cc(196)] Could not find exported function RelaunchChromeBrowserWithNewCommandLineIfNeeded
11월 18, 2016 10:37:23.73 [3308:1084:1118/103723:ERROR:connection_factory_impl.cc(367)] Failed to connect to MCS endpoint with error -118
11월 18, 2016 10:39:20.58 [1118/103920:ERROR:main_dll_loader_win.cc(196)] Could not find exported function RelaunchChromeBrowserWithNewCommandLineIfNeeded
11월 18, 2016 10:46:02.70 [1118/104602:ERROR:main_dll_loader_win.cc(196)] Could not find exported function RelaunchChromeBrowserWithNewCommandLineIfNeeded
11월 18, 2016 10:46:02.73 [1118/104602:ERROR:main_dll_loader_win.cc(196)] Could not find exported function RelaunchChromeBrowserWithNewCommandLineIfNeeded
11월 18, 2016 10:46:52.63 [3172:4172:1118/104652:ERROR:connection_factory_impl.cc(367)] Failed to connect to MCS endpoint with error -118
11월 18, 2016 10:49:35.85 [4392:196:1118/104935:ERROR:connection_factory_impl.cc(367)] Failed to connect to MCS endpoint with error -118
11월 18, 2016 10:51:17.00 [3220:3448:1118/105117:ERROR:connection_factory_impl.cc(367)] Failed to connect to MCS endpoint with error -118
11월 18, 2016 11:11:27.84 [2312:2336:1118/111127:ERROR:connection_factory_impl.cc(367)] Failed to connect to MCS endpoint with error -118
11월 18, 2016 11:31:47.86 [3200:1120:1118/113147:ERROR:connection_factory_impl.cc(367)] Failed to connect to MCS endpoint with error -118
11월 18, 2016 11:42:59.47 [3164:540:1118/114259:ERROR:connection_factory_impl.cc(367)] Failed to connect to MCS endpoint with error -118
11월 18, 2016 13:11:06.58 [1118/131106:ERROR:main_dll_loader_win.cc(196)] Could not find exported function RelaunchChromeBrowserWithNewCommandLineIfNeeded
11월 18, 2016 14:33:12.58 [1118/143312:ERROR:main_dll_loader_win.cc(196)] Could not find exported function RelaunchChromeBrowserWithNewCommandLineIfNeeded
11월 18, 2016 14:34:12.37 [1118/143412:ERROR:main_dll_loader_win.cc(196)] Could not find exported function RelaunchChromeBrowserWithNewCommandLineIfNeeded
11월 18, 2016 14:35:18.41 [4864:1900:1118/143518:ERROR:connection_factory_impl.cc(367)] Failed to connect to MCS endpoint with error -118
11월 18, 2016 14:35:42.12 [4864:3484:1118/143542:ERROR:get_updates_processor.cc(244)] PostClientToServerMessage() failed during GetUpdates
11월 18, 2016 14:36:32.79 [1118/143632:ERROR:main_dll_loader_win.cc(196)] Could not find exported function RelaunchChromeBrowserWithNewCommandLineIfNeeded
11월 18, 2016 14:36:32.80 [1118/143632:ERROR:main_dll_loader_win.cc(196)] Could not find exported function RelaunchChromeBrowserWithNewCommandLineIfNeeded
11월 18, 2016 14:37:11.00 [1118/143711:ERROR:main_dll_loader_win.cc(196)] Could not find exported function RelaunchChromeBrowserWithNewCommandLineIfNeeded
11월 18, 2016 14:37:27.26 [1118/143727:ERROR:main_dll_loader_win.cc(196)] Could not find exported function RelaunchChromeBrowserWithNewCommandLineIfNeeded
11월 18, 2016 15:08:18.25 [1118/150818:ERROR:main_dll_loader_win.cc(196)] Could not find exported function RelaunchChromeBrowserWithNewCommandLineIfNeeded
11월 18, 2016 15:08:18.27 [1118/150818:ERROR:main_dll_loader_win.cc(196)] Could not find exported function RelaunchChromeBrowserWithNewCommandLineIfNeeded
11월 18, 2016 15:30:31.55 [1118/153031:ERROR:main_dll_loader_win.cc(196)] Could not find exported function RelaunchChromeBrowserWithNewCommandLineIfNeeded
11월 18, 2016 15:30:47.61 [1118/153047:ERROR:main_dll_loader_win.cc(196)] Could not find exported function RelaunchChromeBrowserWithNewCommandLineIfNeeded
11월 18, 2016 15:31:50.53 [1118/153150:ERROR:main_dll_loader_win.cc(196)] Could not find exported function RelaunchChromeBrowserWithNewCommandLineIfNeeded
11월 18, 2016 15:31:50.56 [1118/153150:ERROR:main_dll_loader_win.cc(196)] Could not find exported function RelaunchChromeBrowserWithNewCommandLineIfNeeded
11월 18, 2016 15:32:34.71 [1118/153234:ERROR:main_dll_loader_win.cc(196)] Could not find exported function RelaunchChromeBrowserWithNewCommandLineIfNeeded
11월 18, 2016 15:32:46.46 [1118/153246:ERROR:main_dll_loader_win.cc(196)] Could not find exported function RelaunchChromeBrowserWithNewCommandLineIfNeeded
11월 18, 2016 15:33:34.96 [1118/153334:ERROR:main_dll_loader_win.cc(196)] Could not find exported function RelaunchChromeBrowserWithNewCommandLineIfNeeded
11월 18, 2016 15:34:37.40 Vector smash protection is enabled.
11월 18, 2016 15:34:44.24 [3796:1956:1118/153444:ERROR:connection_factory_impl.cc(367)] Failed to connect to MCS endpoint with error -118
11월 18, 2016 15:35:48.68 [WARNING:..\..\..\..\flash\platform\pepper\pep_module.cpp(63)] SANDBOXED
11월 18, 2016 15:35:48.68 [1118/153548:ERROR:main_dll_loader_win.cc(196)] Could not find exported function RelaunchChromeBrowserWithNewCommandLineIfNeeded
11월 18, 2016 15:36:25.31 [1118/153625:ERROR:main_dll_loader_win.cc(196)] Could not find exported function RelaunchChromeBrowserWithNewCommandLineIfNeeded
11월 18, 2016 15:36:59.15 [1118/153659:ERROR:main_dll_loader_win.cc(196)] Could not find exported function RelaunchChromeBrowserWithNewCommandLineIfNeeded
11월 18, 2016 15:36:59.16 [1118/153659:ERROR:main_dll_loader_win.cc(196)] Could not find exported function RelaunchChromeBrowserWithNewCommandLineIfNeeded
11월 18, 2016 15:38:06.81 [1118/153806:ERROR:main_dll_loader_win.cc(196)] Could not find exported function RelaunchChromeBrowserWithNewCommandLineIfNeeded
11월 18, 2016 15:38:36.97 [1118/153836:ERROR:main_dll_loader_win.cc(196)] Could not find exported function RelaunchChromeBrowserWithNewCommandLineIfNeeded
11월 18, 2016 15:38:58.40 [1118/153858:ERROR:main_dll_loader_win.cc(196)] Could not find exported function RelaunchChromeBrowserWithNewCommandLineIfNeeded
11월 18, 2016 15:41:05.49 [1118/154105:ERROR:main_dll_loader_win.cc(196)] Could not find exported function RelaunchChromeBrowserWithNewCommandLineIfNeeded
11월 18, 2016 15:46:33.36 [3460:1908:1118/154633:ERROR:connection_factory_impl.cc(367)] Failed to connect to MCS endpoint with error -118
11월 18, 2016 16:00:01.31 [1118/160001:ERROR:main_dll_loader_win.cc(196)] Could not find exported function RelaunchChromeBrowserWithNewCommandLineIfNeeded
11월 18, 2016 16:00:01.31 [1118/160001:ERROR:main_dll_loader_win.cc(196)] Could not find exported function RelaunchChromeBrowserWithNewCommandLineIfNeeded
11월 18, 2016 16:48:10.47 [2932:4456:1118/164810:ERROR:connection_factory_impl.cc(367)] Failed to connect to MCS endpoint with error -118
11월 18, 2016 16:57:50.31 [3908:2888:1118/165750:ERROR:connection_factory_impl.cc(367)] Failed to connect to MCS endpoint with error -118
11월 18, 2016 17:01:39.46 [4392:3160:1118/170139:ERROR:connection_factory_impl.cc(367)] Failed to connect to MCS endpoint with error -118

11월 22, 2016 14:20:32.96 NEW SESSION
11월 22, 2016 14:20:32.96 [1122/142032:ERROR:main_dll_loader_win.cc(196)] Could not find exported function RelaunchChromeBrowserWithNewCommandLineIfNeeded
11월 22, 2016 14:21:54.69 [1122/142154:ERROR:main_dll_loader_win.cc(196)] Could not find exported function RelaunchChromeBrowserWithNewCommandLineIfNeeded
11월 22, 2016 14:21:54.71 [1122/142154:ERROR:main_dll_loader_win.cc(196)] Could not find exported function RelaunchChromeBrowserWithNewCommandLineIfNeeded
11월 22, 2016 17:51:59.30 [2024:2436:1122/175159:ERROR:connection_factory_impl.cc(367)] Failed to connect to MCS endpoint with error -118
11월 22, 2016 18:18:35.70 [1122/181835:ERROR:main_dll_loader_win.cc(196)] Could not find exported function RelaunchChromeBrowserWithNewCommandLineIfNeeded

11월 23, 2016 14:28:40.43 NEW SESSION
11월 23, 2016 14:28:40.43 [1123/142840:ERROR:main_dll_loader_win.cc(196)] Could not find exported function RelaunchChromeBrowserWithNewCommandLineIfNeeded
11월 23, 2016 14:29:46.42 [4820:1828:1123/142946:ERROR:connection_factory_impl.cc(367)] Failed to connect to MCS endpoint with error -118
11월 23, 2016 14:31:14.47 [5184:5108:1123/143114:ERROR:connection_factory_impl.cc(367)] Failed to connect to MCS endpoint with error -118
11월 23, 2016 14:33:17.26 [4924:3076:1123/143317:ERROR:connection_factory_impl.cc(367)] Failed to connect to MCS endpoint with error -118
11월 23, 2016 14:33:47.91 [1123/143347:ERROR:main_dll_loader_win.cc(196)] Could not find exported function RelaunchChromeBrowserWithNewCommandLineIfNeeded
11월 23, 2016 14:34:53.65 [1123/143453:ERROR:main_dll_loader_win.cc(196)] Could not find exported function RelaunchChromeBrowserWithNewCommandLineIfNeeded
11월 23, 2016 14:37:05.64 [1123/143705:ERROR:main_dll_loader_win.cc(196)] Could not find exported function RelaunchChromeBrowserWithNewCommandLineIfNeeded
11월 23, 2016 14:37:05.66 [1123/143705:ERROR:main_dll_loader_win.cc(196)] Could not find exported function RelaunchChromeBrowserWithNewCommandLineIfNeeded
11월 23, 2016 14:37:36.69 [1123/143736:ERROR:main_dll_loader_win.cc(196)] Could not find exported function RelaunchChromeBrowserWithNewCommandLineIfNeeded
11월 23, 2016 14:48:52.07 [5940:4648:1123/144852:ERROR:connection_factory_impl.cc(367)] Failed to connect to MCS endpoint with error -118
11월 23, 2016 14:53:06.59 Vector smash protection is enabled.
11월 23, 2016 15:01:44.64 [1123/150144:ERROR:main_dll_loader_win.cc(196)] Could not find exported function RelaunchChromeBrowserWithNewCommandLineIfNeeded
11월 23, 2016 16:04:20.38 [4580:2216:1123/160420:ERROR:connection_factory_impl.cc(367)] Failed to connect to MCS endpoint with error -118
11월 23, 2016 16:12:25.93 [1123/161225:ERROR:main_dll_loader_win.cc(196)] Could not find exported function RelaunchChromeBrowserWithNewCommandLineIfNeeded
11월 23, 2016 16:12:25.96 [1123/161225:ERROR:main_dll_loader_win.cc(196)] Could not find exported function RelaunchChromeBrowserWithNewCommandLineIfNeeded
11월 23, 2016 16:15:32.77 [3324:4020:1123/161532:ERROR:connection_factory_impl.cc(367)] Failed to connect to MCS endpoint with error -118
11월 23, 2016 16:16:03.66 [6076:2716:1123/161603:ERROR:connection_factory_impl.cc(367)] Failed to connect to MCS endpoint with error -118
11월 23, 2016 16:21:56.62 [5236:5512:1123/162156:ERROR:connection_factory_impl.cc(367)] Failed to connect to MCS endpoint with error -118

11월 24, 2016 11:20:17.72 NEW SESSION
11월 24, 2016 11:20:17.72 [1124/112017:ERROR:main_dll_loader_win.cc(196)] Could not find exported function RelaunchChromeBrowserWithNewCommandLineIfNeeded
11월 24, 2016 11:20:34.68 [1124/112034:ERROR:main_dll_loader_win.cc(196)] Could not find exported function RelaunchChromeBrowserWithNewCommandLineIfNeeded
11월 24, 2016 11:25:41.63 [1124/112541:ERROR:main_dll_loader_win.cc(196)] Could not find exported function RelaunchChromeBrowserWithNewCommandLineIfNeeded
11월 24, 2016 11:26:28.25 [2288:676:1124/112628:ERROR:connection_factory_impl.cc(367)] Failed to connect to MCS endpoint with error -118
11월 24, 2016 11:29:32.74 [992:4844:1124/112932:ERROR:connection_factory_impl.cc(367)] Failed to connect to MCS endpoint with error -118
11월 24, 2016 11:30:41.63 [4980:876:1124/113041:ERROR:connection_factory_impl.cc(367)] Failed to connect to MCS endpoint with error -118
11월 24, 2016 11:32:43.07 [5092:4448:1124/113243:ERROR:connection_factory_impl.cc(367)] Failed to connect to MCS endpoint with error -118
11월 24, 2016 11:32:57.68 [1124/113257:ERROR:main_dll_loader_win.cc(196)] Could not find exported function RelaunchChromeBrowserWithNewCommandLineIfNeeded
11월 24, 2016 11:33:59.59 [1124/113359:ERROR:main_dll_loader_win.cc(196)] Could not find exported function RelaunchChromeBrowserWithNewCommandLineIfNeeded
11월 24, 2016 13:37:21.25 [1124/133721:ERROR:main_dll_loader_win.cc(196)] Could not find exported function RelaunchChromeBrowserWithNewCommandLineIfNeeded
11월 24, 2016 13:37:21.28 [1124/133721:ERROR:main_dll_loader_win.cc(196)] Could not find exported function RelaunchChromeBrowserWithNewCommandLineIfNeeded
11월 24, 2016 13:38:34.79 [1124/133834:ERROR:main_dll_loader_win.cc(196)] Could not find exported function RelaunchChromeBrowserWithNewCommandLineIfNeeded
11월 24, 2016 13:41:08.05 [1124/134108:ERROR:main_dll_loader_win.cc(196)] Could not find exported function RelaunchChromeBrowserWithNewCommandLineIfNeeded
11월 24, 2016 13:42:03.89 [1124/134203:ERROR:main_dll_loader_win.cc(196)] Could not find exported function RelaunchChromeBrowserWithNewCommandLineIfNeeded
11월 24, 2016 13:42:03.91 [1124/134203:ERROR:main_dll_loader_win.cc(196)] Could not find exported function RelaunchChromeBrowserWithNewCommandLineIfNeeded
11월 24, 2016 13:42:42.17 [1124/134242:ERROR:main_dll_loader_win.cc(196)] Could not find exported function RelaunchChromeBrowserWithNewCommandLineIfNeeded
11월 24, 2016 13:44:23.33 [4924:4280:1124/134423:ERROR:connection_factory_impl.cc(367)] Failed to connect to MCS endpoint with error -118
11월 24, 2016 13:51:27.53 [1124/135127:ERROR:main_dll_loader_win.cc(196)] Could not find exported function RelaunchChromeBrowserWithNewCommandLineIfNeeded
11월 24, 2016 13:52:01.96 [1124/135201:ERROR:main_dll_loader_win.cc(196)] Could not find exported function RelaunchChromeBrowserWithNewCommandLineIfNeeded
11월 24, 2016 13:52:01.97 [1124/135201:ERROR:main_dll_loader_win.cc(196)] Could not find exported function RelaunchChromeBrowserWithNewCommandLineIfNeeded
11월 24, 2016 13:52:58.60 [1124/135258:ERROR:main_dll_loader_win.cc(196)] Could not find exported function RelaunchChromeBrowserWithNewCommandLineIfNeeded
11월 24, 2016 13:53:11.59 [1124/135311:ERROR:main_dll_loader_win.cc(196)] Could not find exported function RelaunchChromeBrowserWithNewCommandLineIfNeeded
11월 24, 2016 13:53:29.66 [1124/135329:ERROR:main_dll_loader_win.cc(196)] Could not find exported function RelaunchChromeBrowserWithNewCommandLineIfNeeded
11월 24, 2016 13:54:40.34 [2324:2988:1124/135440:ERROR:connection_factory_impl.cc(367)] Failed to connect to MCS endpoint with error -118
11월 24, 2016 14:03:42.27 [1124/140342:ERROR:main_dll_loader_win.cc(196)] Could not find exported function RelaunchChromeBrowserWithNewCommandLineIfNeeded
11월 24, 2016 14:04:13.27 [1124/140413:ERROR:main_dll_loader_win.cc(196)] Could not find exported function RelaunchChromeBrowserWithNewCommandLineIfNeeded
11월 24, 2016 14:05:24.81 [4372:4296:1124/140524:ERROR:connection_factory_impl.cc(367)] Failed to connect to MCS endpoint with error -118
11월 24, 2016 14:09:46.71 [1124/140946:ERROR:main_dll_loader_win.cc(196)] Could not find exported function RelaunchChromeBrowserWithNewCommandLineIfNeeded
11월 24, 2016 14:11:52.83 [1124/141152:ERROR:main_dll_loader_win.cc(196)] Could not find exported function RelaunchChromeBrowserWithNewCommandLineIfNeeded
11월 24, 2016 14:11:52.84 [1124/141152:ERROR:main_dll_loader_win.cc(196)] Could not find exported function RelaunchChromeBrowserWithNewCommandLineIfNeeded
11월 24, 2016 14:12:08.62 [1124/141208:ERROR:main_dll_loader_win.cc(196)] Could not find exported function RelaunchChromeBrowserWithNewCommandLineIfNeeded
11월 24, 2016 14:12:19.71 [1124/141219:ERROR:main_dll_loader_win.cc(196)] Could not find exported function RelaunchChromeBrowserWithNewCommandLineIfNeeded
11월 24, 2016 14:12:39.14 [1124/141239:ERROR:main_dll_loader_win.cc(196)] Could not find exported function RelaunchChromeBrowserWithNewCommandLineIfNeeded
11월 24, 2016 14:12:49.03 [1124/141249:ERROR:main_dll_loader_win.cc(196)] Could not find exported function RelaunchChromeBrowserWithNewCommandLineIfNeeded
11월 24, 2016 14:13:07.12 [1124/141307:ERROR:main_dll_loader_win.cc(196)] Could not find exported function RelaunchChromeBrowserWithNewCommandLineIfNeeded
11월 24, 2016 14:13:52.15 [1124/141352:ERROR:main_dll_loader_win.cc(196)] Could not find exported function RelaunchChromeBrowserWithNewCommandLineIfNeeded
11월 24, 2016 14:13:58.88 [4292:4352:1124/141358:ERROR:connection_factory_impl.cc(367)] Failed to connect to MCS endpoint with error -118
11월 24, 2016 14:14:08.40 Vector smash protection is enabled.
11월 24, 2016 14:14:08.53 [4292:4784:1124/141408:ERROR:web_contents_delegate.cc(198)] WebContentsDelegate::CheckMediaAccessPermission: Not supported.
11월 24, 2016 15:52:49.57 [536:5568:1124/155249:ERROR:connection_factory_impl.cc(367)] Failed to connect to MCS endpoint with error -118
11월 24, 2016 19:12:20.75 [5040:4980:1124/191220:ERROR:connection_factory_impl.cc(367)] Failed to connect to MCS endpoint with error -118

11월 24, 2016 19:18:45.56 NEW SESSION
11월 24, 2016 19:18:45.56 [108:3032:1124/191845:ERROR:connection_factory_impl.cc(367)] Failed to connect to MCS endpoint with error -118
11월 24, 2016 19:33:44.42 Vector smash protection is enabled.
11월 24, 2016 19:45:38.90 [WARNING:..\..\..\..\flash\platform\pepper\pep_module.cpp(63)] SANDBOXED
11월 24, 2016 19:45:38.90 [1124/194538:ERROR:main_dll_loader_win.cc(196)] Could not find exported function RelaunchChromeBrowserWithNewCommandLineIfNeeded

11월 24, 2016 19:52:11.75 NEW SESSION
11월 24, 2016 19:52:11.75 [5780:4528:1124/195211:ERROR:connection_factory_impl.cc(367)] Failed to connect to MCS endpoint with error -118
11월 24, 2016 19:52:53.24 [1124/195253:ERROR:main_dll_loader_win.cc(196)] Could not find exported function RelaunchChromeBrowserWithNewCommandLineIfNeeded

11월 24, 2016 20:05:32.35 NEW SESSION
11월 24, 2016 20:05:32.35 [1124/200532:ERROR:main_dll_loader_win.cc(196)] Could not find exported function RelaunchChromeBrowserWithNewCommandLineIfNeeded
11월 24, 2016 20:05:32.35 [1124/200532:ERROR:main_dll_loader_win.cc(196)] Could not find exported function RelaunchChromeBrowserWithNewCommandLineIfNeeded
11월 24, 2016 20:06:28.84 [1912:1804:1124/200628:ERROR:connection_factory_impl.cc(367)] Failed to connect to MCS endpoint with error -118
11월 24, 2016 20:12:38.44 [1124/201238:ERROR:main_dll_loader_win.cc(196)] Could not find exported function RelaunchChromeBrowserWithNewCommandLineIfNeeded
11월 24, 2016 20:12:49.70 [1124/201249:ERROR:main_dll_loader_win.cc(196)] Could not find exported function RelaunchChromeBrowserWithNewCommandLineIfNeeded
11월 24, 2016 20:13:54.49 [4712:152:1124/201354:ERROR:connection_factory_impl.cc(367)] Failed to connect to MCS endpoint with error -118

11월 25, 2016 09:39:41.58 NEW SESSION
11월 25, 2016 09:39:41.59 [4392:2332:1125/093941:ERROR:connection_factory_impl.cc(367)] Failed to connect to MCS endpoint with error -118
11월 25, 2016 09:41:58.50 [1125/094158:ERROR:main_dll_loader_win.cc(196)] Could not find exported function RelaunchChromeBrowserWithNewCommandLineIfNeeded
11월 25, 2016 09:58:59.47 Vector smash protection is enabled.
11월 25, 2016 09:59:46.95 [WARNING:..\..\..\..\flash\platform\pepper\pep_module.cpp(63)] SANDBOXED
11월 25, 2016 09:59:46.95 [1125/095946:ERROR:main_dll_loader_win.cc(196)] Could not find exported function RelaunchChromeBrowserWithNewCommandLineIfNeeded
11월 25, 2016 10:05:30.09 [1125/100530:ERROR:main_dll_loader_win.cc(196)] Could not find exported function RelaunchChromeBrowserWithNewCommandLineIfNeeded
11월 25, 2016 10:05:48.41 [1125/100548:ERROR:main_dll_loader_win.cc(196)] Could not find exported function RelaunchChromeBrowserWithNewCommandLineIfNeeded
11월 25, 2016 10:06:08.38 [1125/100608:ERROR:main_dll_loader_win.cc(196)] Could not find exported function RelaunchChromeBrowserWithNewCommandLineIfNeeded
11월 25, 2016 10:06:17.78 [1125/100617:ERROR:main_dll_loader_win.cc(196)] Could not find exported function RelaunchChromeBrowserWithNewCommandLineIfNeeded
11월 25, 2016 10:06:29.06 [1125/100629:ERROR:main_dll_loader_win.cc(196)] Could not find exported function RelaunchChromeBrowserWithNewCommandLineIfNeeded
11월 25, 2016 10:06:29.07 [1125/100629:ERROR:main_dll_loader_win.cc(196)] Could not find exported function RelaunchChromeBrowserWithNewCommandLineIfNeeded
11월 25, 2016 10:07:01.48 [1125/100701:ERROR:main_dll_loader_win.cc(196)] Could not find exported function RelaunchChromeBrowserWithNewCommandLineIfNeeded
11월 25, 2016 10:07:59.61 [1125/100759:ERROR:main_dll_loader_win.cc(196)] Could not find exported function RelaunchChromeBrowserWithNewCommandLineIfNeeded
11월 25, 2016 10:09:58.64 [2092:840:1125/100958:ERROR:connection_factory_impl.cc(367)] Failed to connect to MCS endpoint with error -118
11월 25, 2016 10:10:39.94 [1125/101039:ERROR:main_dll_loader_win.cc(196)] Could not find exported function RelaunchChromeBrowserWithNewCommandLineIfNeeded
11월 25, 2016 10:11:25.65 [1125/101125:ERROR:main_dll_loader_win.cc(196)] Could not find exported function RelaunchChromeBrowserWithNewCommandLineIfNeeded
11월 25, 2016 10:11:33.59 [1125/101133:ERROR:main_dll_loader_win.cc(196)] Could not find exported function RelaunchChromeBrowserWithNewCommandLineIfNeeded
11월 25, 2016 10:11:33.61 [1125/101133:ERROR:main_dll_loader_win.cc(196)] Could not find exported function RelaunchChromeBrowserWithNewCommandLineIfNeeded
11월 25, 2016 10:11:45.37 [1125/101145:ERROR:main_dll_loader_win.cc(196)] Could not find exported function RelaunchChromeBrowserWithNewCommandLineIfNeeded
11월 25, 2016 10:12:29.41 [1120:3068:1125/101229:ERROR:connection_factory_impl.cc(367)] Failed to connect to MCS endpoint with error -118
11월 25, 2016 10:13:18.93 [1125/101318:ERROR:main_dll_loader_win.cc(196)] Could not find exported function RelaunchChromeBrowserWithNewCommandLineIfNeeded
11월 25, 2016 10:14:24.01 [1125/101424:ERROR:main_dll_loader_win.cc(196)] Could not find exported function RelaunchChromeBrowserWithNewCommandLineIfNeeded
11월 25, 2016 10:16:00.81 [3392:1980:1125/101600:ERROR:connection_factory_impl.cc(367)] Failed to connect to MCS endpoint with error -118
11월 25, 2016 10:16:31.64 [1125/101631:ERROR:main_dll_loader_win.cc(196)] Could not find exported function RelaunchChromeBrowserWithNewCommandLineIfNeeded
11월 25, 2016 10:16:31.66 [1125/101631:ERROR:main_dll_loader_win.cc(196)] Could not find exported function RelaunchChromeBrowserWithNewCommandLineIfNeeded
11월 25, 2016 11:35:18.11 [1125/113518:ERROR:main_dll_loader_win.cc(196)] Could not find exported function RelaunchChromeBrowserWithNewCommandLineIfNeeded
11월 25, 2016 11:35:27.62 [1125/113527:ERROR:main_dll_loader_win.cc(196)] Could not find exported function RelaunchChromeBrowserWithNewCommandLineIfNeeded
11월 25, 2016 11:35:36.55 [6004:4284:1125/113536:ERROR:get_updates_processor.cc(244)] PostClientToServerMessage() failed during GetUpdates
11월 25, 2016 11:35:36.57 [1125/113536:ERROR:main_dll_loader_win.cc(196)] Could not find exported function RelaunchChromeBrowserWithNewCommandLineIfNeeded
11월 25, 2016 11:36:08.96 [1125/113608:ERROR:main_dll_loader_win.cc(196)] Could not find exported function RelaunchChromeBrowserWithNewCommandLineIfNeeded
11월 25, 2016 11:36:51.64 [1125/113651:ERROR:main_dll_loader_win.cc(196)] Could not find exported function RelaunchChromeBrowserWithNewCommandLineIfNeeded
11월 25, 2016 11:36:51.65 [1125/113651:ERROR:main_dll_loader_win.cc(196)] Could not find exported function RelaunchChromeBrowserWithNewCommandLineIfNeeded
11월 25, 2016 11:39:32.65 [1125/113932:ERROR:main_dll_loader_win.cc(196)] Could not find exported function RelaunchChromeBrowserWithNewCommandLineIfNeeded
11월 25, 2016 11:40:33.55 [4552:5792:1125/114033:ERROR:connection_factory_impl.cc(367)] Failed to connect to MCS endpoint with error -118
11월 25, 2016 11:42:20.32 [1125/114220:ERROR:main_dll_loader_win.cc(196)] Could not find exported function RelaunchChromeBrowserWithNewCommandLineIfNeeded
11월 25, 2016 11:42:20.36 [1125/114220:ERROR:main_dll_loader_win.cc(196)] Could not find exported function RelaunchChromeBrowserWithNewCommandLineIfNeeded
11월 25, 2016 11:43:35.04 [5976:2828:1125/114335:ERROR:connection_factory_impl.cc(367)] Failed to connect to MCS endpoint with error -118
11월 25, 2016 12:51:22.73 [1125/125122:ERROR:main_dll_loader_win.cc(196)] Could not find exported function RelaunchChromeBrowserWithNewCommandLineIfNeeded
11월 25, 2016 12:51:22.73 [1125/125122:ERROR:main_dll_loader_win.cc(196)] Could not find exported function RelaunchChromeBrowserWithNewCommandLineIfNeeded
11월 25, 2016 12:52:51.14 [5912:3404:1125/125251:ERROR:connection_factory_impl.cc(367)] Failed to connect to MCS endpoint with error -118
11월 25, 2016 17:56:00.33 [4800:3380:1125/175600:ERROR:connection_factory_impl.cc(367)] Failed to connect to MCS endpoint with error -118
11월 25, 2016 18:00:35.36 [1125/180035:ERROR:main_dll_loader_win.cc(196)] Could not find exported function RelaunchChromeBrowserWithNewCommandLineIfNeeded
11월 25, 2016 18:01:02.32 [5956:3460:1125/180102:ERROR:connection_factory_impl.cc(367)] Failed to connect to MCS endpoint with error -118
11월 25, 2016 18:10:08.56 [1916:5672:1125/181008:ERROR:connection_factory_impl.cc(367)] Failed to connect to MCS endpoint with error -118
11월 25, 2016 18:10:36.16 [1125/181036:ERROR:main_dll_loader_win.cc(196)] Could not find exported function RelaunchChromeBrowserWithNewCommandLineIfNeeded

11월 28, 2016 09:26:42.84 NEW SESSION
11월 28, 2016 09:26:42.84 [3432:4200:1128/092642:ERROR:connection_factory_impl.cc(367)] Failed to connect to MCS endpoint with error -118
11월 28, 2016 09:30:20.51 [1128/093020:ERROR:main_dll_loader_win.cc(196)] Could not find exported function RelaunchChromeBrowserWithNewCommandLineIfNeeded
11월 28, 2016 09:40:37.28 [2372:2952:1128/094037:ERROR:connection_factory_impl.cc(367)] Failed to connect to MCS endpoint with error -118
11월 28, 2016 11:44:59.53 [3208:1896:1128/114459:ERROR:connection_factory_impl.cc(367)] Failed to connect to MCS endpoint with error -118
11월 28, 2016 11:47:40.64 Vector smash protection is enabled.
11월 28, 2016 12:59:36.08 [WARNING:..\..\..\..\flash\platform\pepper\pep_module.cpp(63)] SANDBOXED
11월 28, 2016 12:59:36.08 [1128/125936:ERROR:main_dll_loader_win.cc(196)] Could not find exported function RelaunchChromeBrowserWithNewCommandLineIfNeeded
11월 28, 2016 12:59:51.18 Vector smash protection is enabled.
11월 28, 2016 13:02:15.00 [WARNING:..\..\..\..\flash\platform\pepper\pep_module.cpp(63)] SANDBOXED
11월 28, 2016 13:02:15.00 [1128/130215:ERROR:main_dll_loader_win.cc(196)] Could not find exported function RelaunchChromeBrowserWithNewCommandLineIfNeeded
11월 28, 2016 13:02:19.19 Vector smash protection is enabled.
11월 28, 2016 13:06:41.61 [3392:892:1128/130641:ERROR:ffmpeg_demuxer.cc(1595)] OnReadFrameDone result=-541478725 IsMaxMemoryUsageReached=0
11월 28, 2016 13:07:12.60 [3392:892:1128/130712:ERROR:ffmpeg_demuxer.cc(1595)] OnReadFrameDone result=-541478725 IsMaxMemoryUsageReached=0

12월 01, 2016 10:44:05.99 NEW SESSION
12월 01, 2016 10:44:05.99 [3548:2216:1201/104405:ERROR:connection_factory_impl.cc(367)] Failed to connect to MCS endpoint with error -118

12월 01, 2016 13:19:17.07 NEW SESSION
12월 01, 2016 13:19:17.07 [2812:5836:1201/131917:ERROR:connection_factory_impl.cc(367)] Failed to connect to MCS endpoint with error -118
12월 01, 2016 13:21:21.42 [4780:4452:1201/132121:ERROR:connection_factory_impl.cc(367)] Failed to connect to MCS endpoint with error -118
12월 01, 2016 14:03:33.90 Vector smash protection is enabled.
12월 01, 2016 14:11:36.03 [1201/141136:ERROR:main_dll_loader_win.cc(196)] Could not find exported function RelaunchChromeBrowserWithNewCommandLineIfNeeded

12월 02, 2016 13:53:35.20 NEW SESSION
12월 02, 2016 13:53:35.20 [5604:5680:1202/135335:ERROR:connection_factory_impl.cc(367)] Failed to connect to MCS endpoint with error -118

12월 05, 2016 11:07:48.91 NEW SESSION
12월 05, 2016 11:07:48.91 [1360:2940:1205/110748:ERROR:connection_factory_impl.cc(367)] Failed to connect to MCS endpoint with error -118
12월 05, 2016 11:09:25.84 [1205/110925:ERROR:main_dll_loader_win.cc(196)] Could not find exported function RelaunchChromeBrowserWithNewCommandLineIfNeeded
